"../../../BuildingEscape/Content/Skeletons/Mannequin/UE4_Mannequin_Skeleton.uasset" 0
"../../../BuildingEscape/Content/Animations/Mannequin/CharacterJump_End.uasset" 1
"../../../BuildingEscape/Content/Animations/Mannequin/Character_Jump.uasset" 2
"../../../BuildingEscape/Content/Animations/Mannequin/CharacterJump_Loop.uasset" 3
"../../../BuildingEscape/Content/Animations/Mannequin/CharacterJump_Start.uasset" 4
"../../../BuildingEscape/Content/Animations/Mannequin/CharacterIdle.uasset" 5
"../../../BuildingEscape/Content/Animations/Mannequin/CharacterRun.uasset" 6
"../../../BuildingEscape/Content/Animations/Mannequin/CharacterWalk.uasset" 7
"../../../BuildingEscape/Content/Animations/Mannequin/Character_IdleRun_2D.uasset" 8
"../../../Engine/Content/EditorBlueprintResources/StandardMacros.uasset" 9
"../../../BuildingEscape/Content/Animations/Mannequin/Character_AnimBP.uasset" 10
"../../../Engine/Content/Functions/Engine_MaterialFunctions02/Utility/BlendAngleCorrectedNormals.uasset" 11
"../../../Engine/Content/Functions/MaterialLayerFunctions/MatLayerBlend_NormalBlend.uasset" 12
"../../../Engine/Content/Functions/MaterialLayerFunctions/MatLayerBlend_Simple.uasset" 13
"../../../BuildingEscape/Content/Materials/Skeletons/MaterialLayers/T_ML_Rubber_Blue_01_D.uasset" 14
"../../../BuildingEscape/Content/Materials/Skeletons/MaterialLayers/T_ML_Rubber_Blue_01_N.uasset" 15
"../../../BuildingEscape/Content/Materials/Skeletons/MaterialLayers/ML_GlossyBlack_Latex_UE4.uasset" 16
"../../../BuildingEscape/Content/Materials/Skeletons/MaterialLayers/ML_Plastic_Shiny_Beige.uasset" 17
"../../../BuildingEscape/Content/Textures/Skeletons/UE4_LOGO_CARD.uasset" 18
"../../../BuildingEscape/Content/Materials/Skeletons/MaterialLayers/ML_Plastic_Shiny_Beige_LOGO.uasset" 19
"../../../BuildingEscape/Content/Materials/Skeletons/MaterialLayers/T_ML_Aluminum01.uasset" 20
"../../../BuildingEscape/Content/Materials/Skeletons/MaterialLayers/T_ML_Aluminum01_N.uasset" 21
"../../../BuildingEscape/Content/Materials/Skeletons/MaterialLayers/ML_SoftMetal_UE4.uasset" 22
"../../../BuildingEscape/Content/Textures/Skeletons/UE4_Mannequin__normals.uasset" 23
"../../../BuildingEscape/Content/Textures/Skeletons/UE4_Mannequin_MAT_MASKA.uasset" 24
"../../../BuildingEscape/Content/Materials/Skeletons/M_UE4Man_Body.uasset" 25
"../../../BuildingEscape/Content/Textures/Skeletons/UE4Man_Logo_N.uasset" 26
"../../../BuildingEscape/Content/Materials/Skeletons/M_UE4Man_ChestLogo.uasset" 27
"../../../BuildingEscape/Content/Skeletons/Mannequin/SK_Mannequin_PhysicsAsset.uasset" 28
"../../../BuildingEscape/Content/Skeletons/Mannequin/SK_Mannequin.uasset" 29
"../../../BuildingEscape/Content/Blueprints/Character_BP.uasset" 30
"../../../BuildingEscape/Content/Blueprints/BuildingEscapeGameModeBase_BP.uasset" 31
"../../../BuildingEscape/Content/HostileAssets/IndustrialFences/Textures/barb_wire_DIFF.uasset" 32
"../../../BuildingEscape/Content/HostileAssets/IndustrialFences/Materials/Parent/M_Barb_Wire.uasset" 33
"../../../BuildingEscape/Content/HostileAssets/IndustrialFences/Textures/chain_link_fence_DIFF.uasset" 34
"../../../BuildingEscape/Content/HostileAssets/IndustrialFences/Materials/Parent/M_Chain_Fence.uasset" 35
"../../../BuildingEscape/Content/HostileAssets/IndustrialFences/Textures/StarterContent_T_Metal_Steel_D.uasset" 36
"../../../BuildingEscape/Content/HostileAssets/IndustrialFences/Materials/Parent/M_Metal_Flat.uasset" 37
"../../../Engine/Content/Functions/Engine_MaterialFunctions01/Opacity/CameraDepthFade.uasset" 38
"../../../Engine/Content/EngineMaterials/T_Default_Material_Grid_M.uasset" 39
"../../../Engine/Content/EngineMaterials/T_Default_Material_Grid_N.uasset" 40
"../../../Engine/Content/EngineMaterials/WorldGridMaterial.uasset" 41
"../../../BuildingEscape/Content/HostileAssets/IndustrialFences/Objects/fence.uasset" 42
"../../../BuildingEscape/Content/HostileAssets/IndustrialFences/Materials/Parent/M_Opacity.uasset" 43
"../../../BuildingEscape/Content/HostileAssets/IndustrialFences/Objects/fence_barbwire_double_top.uasset" 44
"../../../BuildingEscape/Content/HostileAssets/IndustrialFences/Objects/fence_barbwire_straight_top.uasset" 45
"../../../BuildingEscape/Content/HostileAssets/IndustrialFences/Objects/fence_barbwire_top.uasset" 46
"../../../BuildingEscape/Content/HostileAssets/IndustrialFences/Objects/fence_barbwire_top_rotated.uasset" 47
"../../../BuildingEscape/Content/HostileAssets/IndustrialFences/Objects/fence_bottom_post.uasset" 48
"../../../BuildingEscape/Content/HostileAssets/IndustrialFences/Objects/fence_middle_post.uasset" 49
"../../../BuildingEscape/Content/HostileAssets/IndustrialFences/Objects/fence_pole.uasset" 50
"../../../BuildingEscape/Content/HostileAssets/IndustrialFences/Objects/fence_pole_corner.uasset" 51
"../../../BuildingEscape/Content/HostileAssets/IndustrialFences/Objects/fence_pole_corner2.uasset" 52
"../../../BuildingEscape/Content/HostileAssets/IndustrialFences/Objects/fence_top_post.uasset" 53
"../../../BuildingEscape/Content/HostileAssets/IndustrialFences/Objects/fence_top_wire_circle.uasset" 54
"../../../BuildingEscape/Content/HostileAssets/IndustrialFences/Objects/fence_wire_secure.uasset" 55
"../../../BuildingEscape/Content/HostileAssets/IndustrialFences/Objects/fence_wire_slanted_rotated_secure.uasset" 56
"../../../BuildingEscape/Content/HostileAssets/IndustrialFences/Objects/fence_wire_vertical_secure.uasset" 57
"../../../BuildingEscape/Content/HostileAssets/IndustrialFences/Textures/razor_wire_DIFF.uasset" 58
"../../../BuildingEscape/Content/HostileAssets/IndustrialFences/Textures/square_chain_fence_DIFF.uasset" 59
"../../../BuildingEscape/Content/HostileAssets/IndustrialFences/IndustrialFence_Spline.uasset" 60
"../../../BuildingEscape/Content/HostileAssets/IndustrialFences/Objects/fence_barbwire_pole.uasset" 61
"../../../BuildingEscape/Content/HostileAssets/WoodenFences/Textures/Wood_New_DIFF.uasset" 62
"../../../BuildingEscape/Content/HostileAssets/WoodenFences/Textures/Wood_New_NORM.uasset" 63
"../../../BuildingEscape/Content/HostileAssets/WoodenFences/Materials/Parent/M_Wood.uasset" 64
"../../../BuildingEscape/Content/HostileAssets/WoodenFences/Objects/dog_ears_offset_vertical_1x6.uasset" 65
"../../../BuildingEscape/Content/HostileAssets/WoodenFences/Objects/dog_ears_offset_vertical_short_1x6.uasset" 66
"../../../BuildingEscape/Content/HostileAssets/WoodenFences/Objects/dog_ears_vertical_1x6.uasset" 67
"../../../BuildingEscape/Content/HostileAssets/WoodenFences/Objects/dog_ears_vertical_short_1x6.uasset" 68
"../../../BuildingEscape/Content/HostileAssets/WoodenFences/Objects/horizontal_bottom_2x4.uasset" 69
"../../../BuildingEscape/Content/HostileAssets/WoodenFences/Objects/horizontal_middle_2x4.uasset" 70
"../../../BuildingEscape/Content/HostileAssets/WoodenFences/Objects/horizontal_top_2x4.uasset" 71
"../../../BuildingEscape/Content/HostileAssets/WoodenFences/Objects/pointed_offset_vertical_1x6.uasset" 72
"../../../BuildingEscape/Content/HostileAssets/WoodenFences/Objects/pointed_offset_vertical_short_1x6.uasset" 73
"../../../BuildingEscape/Content/HostileAssets/WoodenFences/Objects/pointed_vertical_1x6.uasset" 74
"../../../BuildingEscape/Content/HostileAssets/WoodenFences/Objects/pointed_vertical_short_1x6.uasset" 75
"../../../BuildingEscape/Content/HostileAssets/WoodenFences/Objects/rounded_offset_vertical_1x6.uasset" 76
"../../../BuildingEscape/Content/HostileAssets/WoodenFences/Objects/rounded_offset_vertical_short_1x6.uasset" 77
"../../../BuildingEscape/Content/HostileAssets/WoodenFences/Objects/rounded_vertical_1x6.uasset" 78
"../../../BuildingEscape/Content/HostileAssets/WoodenFences/Objects/rounded_vertical_short_1x6.uasset" 79
"../../../BuildingEscape/Content/HostileAssets/WoodenFences/Objects/square_offset_vertical_1x6.uasset" 80
"../../../BuildingEscape/Content/HostileAssets/WoodenFences/Objects/square_offset_vertical_short_1x6.uasset" 81
"../../../BuildingEscape/Content/HostileAssets/WoodenFences/Objects/square_vertical_short_1x6.uasset" 82
"../../../BuildingEscape/Content/HostileAssets/WoodenFences/Objects/squared_vertical_1x6.uasset" 83
"../../../BuildingEscape/Content/HostileAssets/WoodenFences/Objects/vertical_6x6.uasset" 84
"../../../BuildingEscape/Content/HostileAssets/WoodenFences/Objects/vertical_offset_6x6.uasset" 85
"../../../BuildingEscape/Content/HostileAssets/WoodenFences/Objects/vertical_short_6x6.uasset" 86
"../../../BuildingEscape/Content/HostileAssets/WoodenFences/Objects/vertical_short_offset_6x6.uasset" 87
"../../../BuildingEscape/Content/HostileAssets/WoodenFences/Textures/Wood_Dirty_DIFF.uasset" 88
"../../../BuildingEscape/Content/HostileAssets/WoodenFences/Textures/Wood_DirtyOld_NORM.uasset" 89
"../../../BuildingEscape/Content/HostileAssets/WoodenFences/Textures/Wood_Old_DIFF.uasset" 90
"../../../BuildingEscape/Content/HostileAssets/WoodenFences/Textures/Wood_White_New_DIFF.uasset" 91
"../../../BuildingEscape/Content/HostileAssets/WoodenFences/Textures/Wood_White_New_NORM.uasset" 92
"../../../BuildingEscape/Content/HostileAssets/WoodenFences/Textures/Wood_White_Old_DIFF.uasset" 93
"../../../BuildingEscape/Content/HostileAssets/WoodenFences/Textures/Wood_White_Old_NORM.uasset" 94
"../../../BuildingEscape/Content/HostileAssets/WoodenFences/WoodenFence_Spline.uasset" 95
"../../../BuildingEscape/Content/HostileAssets/WoodenFences/Objects/wooden_fence.uasset" 96
"../../../Engine/Content/Functions/Engine_MaterialFunctions01/Texturing/FlattenNormal.uasset" 97
"../../../Engine/Content/Functions/Engine_MaterialFunctions02/Texturing/CustomRotator.uasset" 98
"../../../BuildingEscape/Content/Textures/Furniture/1_Default_Textured.uasset" 99
"../../../BuildingEscape/Content/Textures/Furniture/2_Default_Normal.uasset" 100
"../../../BuildingEscape/Content/Materials/Furniture/MainMaterial.uasset" 101
"../../../BuildingEscape/Content/Materials/Furniture/Instance/Aluminum_Inst.uasset" 102
"../../../BuildingEscape/Content/Textures/Furniture/AO_Stool.uasset" 103
"../../../BuildingEscape/Content/Textures/Furniture/BlackMask.uasset" 104
"../../../BuildingEscape/Content/Textures/Furniture/Oak_D.uasset" 105
"../../../BuildingEscape/Content/Textures/Furniture/Oak_N.uasset" 106
"../../../BuildingEscape/Content/Textures/Furniture/Streak_D.uasset" 107
"../../../BuildingEscape/Content/Materials/Furniture/Furniture_Mat.uasset" 108
"../../../BuildingEscape/Content/Textures/Furniture/AO_Bed.uasset" 109
"../../../BuildingEscape/Content/Materials/Furniture/Instance/Bed_Gold_inst.uasset" 110
"../../../BuildingEscape/Content/Materials/Furniture/Instance/Bed_White_inst.uasset" 111
"../../../BuildingEscape/Content/Textures/Furniture/AO_Commode.uasset" 112
"../../../BuildingEscape/Content/Materials/Furniture/Instance/Commode_Gold_inst.uasset" 113
"../../../BuildingEscape/Content/Materials/Furniture/Instance/Commode_White_inst.uasset" 114
"../../../BuildingEscape/Content/Textures/Furniture/AO_Cupboard.uasset" 115
"../../../BuildingEscape/Content/Materials/Furniture/Instance/Cupboard_Gold_inst.uasset" 116
"../../../BuildingEscape/Content/Materials/Furniture/Instance/Cupboard_White_inst.uasset" 117
"../../../BuildingEscape/Content/Textures/Furniture/AO_Decor_01.uasset" 118
"../../../BuildingEscape/Content/Materials/Furniture/Instance/Decor_01_Gold_inst.uasset" 119
"../../../BuildingEscape/Content/Materials/Furniture/Instance/Decor_01_White_inst.uasset" 120
"../../../BuildingEscape/Content/Textures/Furniture/AO_Decor_02.uasset" 121
"../../../BuildingEscape/Content/Materials/Furniture/Instance/Decor_02_Gold_inst.uasset" 122
"../../../BuildingEscape/Content/Materials/Furniture/Instance/Decor_02_White_inst.uasset" 123
"../../../BuildingEscape/Content/Textures/Furniture/AO_Decor_03.uasset" 124
"../../../BuildingEscape/Content/Materials/Furniture/Instance/Decor_03_Gold_inst.uasset" 125
"../../../BuildingEscape/Content/Materials/Furniture/Instance/Decor_03_White_inst.uasset" 126
"../../../BuildingEscape/Content/Textures/Furniture/AO_Decor_04.uasset" 127
"../../../BuildingEscape/Content/Materials/Furniture/Instance/Decor_04_Gold_inst.uasset" 128
"../../../BuildingEscape/Content/Materials/Furniture/Instance/Decor_04_White_inst.uasset" 129
"../../../BuildingEscape/Content/Materials/Furniture/Instance/Handle_Gold_inst.uasset" 130
"../../../BuildingEscape/Content/Materials/Furniture/Instance/Handle_White_inst.uasset" 131
"../../../BuildingEscape/Content/Textures/Furniture/AO_Miror.uasset" 132
"../../../BuildingEscape/Content/Materials/Furniture/Instance/Miror_Gold_inst.uasset" 133
"../../../BuildingEscape/Content/Materials/Furniture/Instance/Miror_White_inst.uasset" 134
"../../../BuildingEscape/Content/Textures/Furniture/AO_Nightstand.uasset" 135
"../../../BuildingEscape/Content/Materials/Furniture/Instance/Nightstand_Gold_inst.uasset" 136
"../../../BuildingEscape/Content/Materials/Furniture/Instance/Nightstand_White_inst.uasset" 137
"../../../BuildingEscape/Content/Textures/Furniture/AO_Stillage.uasset" 138
"../../../BuildingEscape/Content/Materials/Furniture/Instance/Stillage_Gold_inst.uasset" 139
"../../../BuildingEscape/Content/Materials/Furniture/Instance/Stillage_White_inst.uasset" 140
"../../../BuildingEscape/Content/Materials/Furniture/Instance/Stool_Gold_inst.uasset" 141
"../../../BuildingEscape/Content/Materials/Furniture/Instance/Stool_White_inst.uasset" 142
"../../../BuildingEscape/Content/Textures/Furniture/AO_TVStand.uasset" 143
"../../../BuildingEscape/Content/Materials/Furniture/Instance/TVStand_Gold_inst.uasset" 144
"../../../BuildingEscape/Content/Materials/Furniture/Instance/TVStand_White_inst.uasset" 145
"../../../BuildingEscape/Content/Textures/Furniture/Bench_Diffuse.uasset" 146
"../../../BuildingEscape/Content/Materials/Furniture/m_Bench.uasset" 147
"../../../BuildingEscape/Content/Props/Furniture/Bench.uasset" 148
"../../../BuildingEscape/Content/Materials/Furniture/Instance/Chair_inst.uasset" 149
"../../../BuildingEscape/Content/Props/Furniture/Chair.uasset" 150
"../../../BuildingEscape/Content/Textures/Furniture/Miror_01_Static.uasset" 151
"../../../BuildingEscape/Content/Materials/Furniture/Miror_Mat_01.uasset" 152
"../../../BuildingEscape/Content/Materials/Furniture/Instance/Cupboard_inst.uasset" 153
"../../../BuildingEscape/Content/Props/Furniture/Cupboard.uasset" 154
"../../../BuildingEscape/Content/Materials/Furniture/Instance/Decor_01_inst.uasset" 155
"../../../BuildingEscape/Content/Props/Furniture/Decor_01.uasset" 156
"../../../BuildingEscape/Content/Materials/Furniture/Instance/Decor_02_inst.uasset" 157
"../../../BuildingEscape/Content/Props/Furniture/Decor_02.uasset" 158
"../../../BuildingEscape/Content/Materials/Furniture/Instance/Decor_03_inst.uasset" 159
"../../../BuildingEscape/Content/Props/Furniture/Decor_03.uasset" 160
"../../../BuildingEscape/Content/Materials/Furniture/Instance/Decor_04_inst.uasset" 161
"../../../BuildingEscape/Content/Props/Furniture/Decor_04.uasset" 162
"../../../BuildingEscape/Content/Materials/Furniture/Instance/Gold_Inst.uasset" 163
"../../../BuildingEscape/Content/Props/Furniture/Handle_01.uasset" 164
"../../../BuildingEscape/Content/Materials/Furniture/Instance/Stillage_inst.uasset" 165
"../../../BuildingEscape/Content/Props/Furniture/Stillage.uasset" 166
"../../../BuildingEscape/Content/Textures/Furniture/Table_01_Diffuse.uasset" 167
"../../../BuildingEscape/Content/Materials/Furniture/m_Table_01.uasset" 168
"../../../BuildingEscape/Content/Props/Furniture/Table_01.uasset" 169
"../../../BuildingEscape/Content/Textures/Furniture/Table_02_Diffuse.uasset" 170
"../../../BuildingEscape/Content/Materials/Furniture/m_Table_02.uasset" 171
"../../../BuildingEscape/Content/Props/Furniture/Table_02.uasset" 172
"../../../BuildingEscape/Content/Textures/Furniture/Table_03_Diffuse.uasset" 173
"../../../BuildingEscape/Content/Materials/Furniture/m_Table_03.uasset" 174
"../../../BuildingEscape/Content/Props/Furniture/Table_03.uasset" 175
"../../../BuildingEscape/Content/Textures/Furniture/Table_04_Diffuse.uasset" 176
"../../../BuildingEscape/Content/Materials/Furniture/m_Table_04.uasset" 177
"../../../BuildingEscape/Content/Props/Furniture/Table_04.uasset" 178
"../../../BuildingEscape/Content/Textures/Furniture/Table_05_Diffuse.uasset" 179
"../../../BuildingEscape/Content/Materials/Furniture/m_Table_05.uasset" 180
"../../../BuildingEscape/Content/Props/Furniture/Table_05.uasset" 181
"../../../BuildingEscape/Content/Textures/Furniture/Table_06_Diffuse.uasset" 182
"../../../BuildingEscape/Content/Materials/Furniture/m_Table_06.uasset" 183
"../../../BuildingEscape/Content/Props/Furniture/Table_06.uasset" 184
"../../../BuildingEscape/Content/Textures/Furniture/Cart_Diffuse.uasset" 185
"../../../BuildingEscape/Content/Materials/Furniture/m_Cart.uasset" 186
"../../../BuildingEscape/Content/Props/Furniture/Cart/Cart_Cart_Body.uasset" 187
"../../../BuildingEscape/Content/Props/Furniture/Cart/Cart_Cart_Wheel_Left.uasset" 188
"../../../BuildingEscape/Content/Props/Furniture/Cart/Cart_Cart_Wheel_Right.uasset" 189
"../../../BuildingEscape/Content/Textures/Lights/CandleFlame_01.uasset" 190
"../../../BuildingEscape/Content/Materials/Lights/m_CandleFlame.uasset" 191
"../../../BuildingEscape/Content/Props/Lights/CandleFlame.uasset" 192
"../../../BuildingEscape/Content/Textures/Lights/FloorCandle_02_Diffuse.uasset" 193
"../../../BuildingEscape/Content/Materials/Lights/m_FloorCandle_01.uasset" 194
"../../../BuildingEscape/Content/Props/Lights/FloorCandle_01.uasset" 195
"../../../BuildingEscape/Content/Materials/Lights/m_FloorCandle_02.uasset" 196
"../../../BuildingEscape/Content/Props/Lights/FloorCandle_02.uasset" 197
"../../../BuildingEscape/Content/Textures/Lights/TableCandle_01_Diffuse.uasset" 198
"../../../BuildingEscape/Content/Materials/Lights/m_TableCandle_01.uasset" 199
"../../../BuildingEscape/Content/Props/Lights/TableCandle_01.uasset" 200
"../../../BuildingEscape/Content/Textures/Lights/TableCandle_02_Diffuse.uasset" 201
"../../../BuildingEscape/Content/Materials/Lights/m_TableCandle_02.uasset" 202
"../../../BuildingEscape/Content/Props/Lights/TableCandle_02.uasset" 203
"../../../BuildingEscape/Content/Textures/Lights/WallCandle_01_Diffuse.uasset" 204
"../../../BuildingEscape/Content/Materials/Lights/m_WallCandle_01.uasset" 205
"../../../BuildingEscape/Content/Props/Lights/WallCandle_01.uasset" 206
"../../../BuildingEscape/Content/Props/Lights/WallCandle_01_RENDER.uasset" 207
"../../../BuildingEscape/Content/Textures/Lights/WallCandle_02_Diffuse.uasset" 208
"../../../BuildingEscape/Content/Materials/Lights/m_WallCandle_02.uasset" 209
"../../../BuildingEscape/Content/Props/Lights/WallCandle_02.uasset" 210
"../../../BuildingEscape/Content/Props/Lights/WallCandle_02_RENDER.uasset" 211
"../../../Engine/Content/EngineMaterials/DefaultMaterial.uasset" 212
"../../../Engine/Content/BasicShapes/Cone.uasset" 213
"../../../Engine/Content/BasicShapes/Cube.uasset" 214
"../../../Engine/Content/BasicShapes/Cylinder.uasset" 215
"../../../Engine/Content/BasicShapes/Plane.uasset" 216
"../../../Engine/Content/BasicShapes/Sphere.uasset" 217
"../../../Engine/Content/EditorLandscapeResources/DataLayer.uasset" 218
"../../../Engine/Content/EditorMaterials/GizmoMaterial.uasset" 219
"../../../Engine/Content/EditorMaterials/MAT_Groups_Toggle.uasset" 220
"../../../Engine/Content/EditorMaterials/MAT_Groups_Visibility.uasset" 221
"../../../Engine/Content/EditorMaterials/PreviewShadowIndicator.uasset" 222
"../../../Engine/Content/EditorMaterials/PreviewShadowIndicatorMaterial.uasset" 223
"../../../Engine/Content/EditorMaterials/AssetViewer/EpicQuadPanorama_CC+EV1.uasset" 224
"../../../Engine/Content/EditorMaterials/MatineeGroups/MAT_ColorTrack.uasset" 225
"../../../Engine/Content/EditorMaterials/MatineeGroups/MAT_Groups_Anim.uasset" 226
"../../../Engine/Content/EditorMaterials/MatineeGroups/MAT_Groups_AudioMaster.uasset" 227
"../../../Engine/Content/EditorMaterials/MatineeGroups/MAT_Groups_Director.uasset" 228
"../../../Engine/Content/EditorMaterials/MatineeGroups/MAT_Groups_Event.uasset" 229
"../../../Engine/Content/EditorMaterials/MatineeGroups/MAT_Groups_Fade.uasset" 230
"../../../Engine/Content/EditorMaterials/MatineeGroups/MAT_Groups_Float.uasset" 231
"../../../Engine/Content/EditorMaterials/MatineeGroups/MAT_Groups_Move.uasset" 232
"../../../Engine/Content/EditorMaterials/MatineeGroups/MAT_Groups_Slomo.uasset" 233
"../../../Engine/Content/EditorMaterials/MatineeGroups/MAT_Groups_Sound.uasset" 234
"../../../Engine/Content/EditorMaterials/MatineeGroups/MAT_Groups_Vector.uasset" 235
"../../../Engine/Content/EditorMaterials/ParticleSystems/PSysThumbnail_NoImage.uasset" 236
"../../../Engine/Content/EditorMaterials/ParticleSystems/PSysThumbnail_OOD.uasset" 237
"../../../Engine/Content/EditorMaterials/Camera/CineMat.uasset" 238
"../../../Engine/Content/EditorMaterials/Camera/MI_CineMat_Rig.uasset" 239
"../../../Engine/Content/EditorMeshes/Camera/SM_CraneRig_Arm.uasset" 240
"../../../Engine/Content/EditorMeshes/Camera/SM_CraneRig_Base.uasset" 241
"../../../Engine/Content/EditorMeshes/Camera/SM_CraneRig_Body.uasset" 242
"../../../Engine/Content/EditorMeshes/Camera/SM_CraneRig_Mount.uasset" 243
"../../../Engine/Content/EditorMeshes/Camera/SM_RailRig_Mount.uasset" 244
"../../../Engine/Content/EditorMeshes/Camera/SM_RailRig_Track.uasset" 245
"../../../Engine/Content/EditorMeshes/ColorCalibrator/M_ChromeBall.uasset" 246
"../../../Engine/Content/EditorMeshes/ColorCalibrator/M_ClearCoat.uasset" 247
"../../../Engine/Content/EditorMeshes/ColorCalibrator/M_ClearCoatBlack.uasset" 248
"../../../Engine/Content/EditorMeshes/ColorCalibrator/T_ColorGrid.uasset" 249
"../../../Engine/Content/EditorMeshes/ColorCalibrator/M_ColorGrid.uasset" 250
"../../../Engine/Content/EditorMeshes/ColorCalibrator/M_GreyBall.uasset" 251
"../../../Engine/Content/EditorMeshes/ColorCalibrator/SM_ColorCalibrator.uasset" 252
"../../../Engine/Content/EditorResources/BSPVertex.uasset" 253
"../../../Engine/Content/EditorResources/EmptyActor.uasset" 254
"../../../Engine/Content/EditorResources/S_Actor.uasset" 255
"../../../Engine/Content/EditorResources/S_Trigger.uasset" 256
"../../../Engine/Content/EditorResources/LightIcons/S_LightError.uasset" 257
"../../../Engine/Content/EditorResources/SequenceRecorder/Countdown.uasset" 258
"../../../Engine/Content/EditorResources/SequenceRecorder/RecordingIndicator.uasset" 259
"../../../Engine/Content/EditorSounds/Notifications/CompileFailed.uasset" 260
"../../../Engine/Content/EditorSounds/Notifications/CompileFailed_Cue.uasset" 261
"../../../Engine/Content/EditorSounds/Notifications/CompileSuccess.uasset" 262
"../../../Engine/Content/EditorSounds/Notifications/CompileStart_Cue.uasset" 263
"../../../Engine/Content/EditorSounds/Notifications/CompileSuccess_Cue.uasset" 264
"../../../Engine/Content/EngineDamageTypes/DmgTypeBP_Environmental.uasset" 265
"../../../Engine/Content/EngineDebugMaterials/HeatmapGradient.uasset" 266
"../../../Engine/Content/EngineDebugMaterials/BoneWeightMaterial.uasset" 267
"../../../Engine/Content/EngineDebugMaterials/ClothMaterial.uasset" 268
"../../../Engine/Content/EngineDebugMaterials/ClothMaterial_WF.uasset" 269
"../../../Engine/Content/EngineDebugMaterials/DebugEditorMaterial.uasset" 270
"../../../Engine/Content/EngineDebugMaterials/DebugMeshMaterial.uasset" 271
"../../../Engine/Content/EngineDebugMaterials/GeomMaterial.uasset" 272
"../../../Engine/Content/EngineFonts/Faces/RobotoBold.uasset" 273
"../../../Engine/Content/EngineFonts/Faces/RobotoBoldItalic.uasset" 274
"../../../Engine/Content/EngineFonts/Faces/RobotoItalic.uasset" 275
"../../../Engine/Content/EngineFonts/Faces/RobotoLight.uasset" 276
"../../../Engine/Content/EngineFonts/Faces/RobotoRegular.uasset" 277
"../../../Engine/Content/EngineFonts/Roboto.uasset" 278
"../../../Engine/Content/EngineFonts/Faces/RobotoTiny.uasset" 279
"../../../Engine/Content/EngineFonts/RobotoTiny.uasset" 280
"../../../Engine/Content/EngineMaterials/DefaultBloomKernel.uasset" 281
"../../../Engine/Content/EngineMaterials/DefaultBokeh.uasset" 282
"../../../Engine/Content/EngineMaterials/DefaultDiffuse.uasset" 283
"../../../Engine/Content/EngineMaterials/DefaultDeferredDecalMaterial.uasset" 284
"../../../Engine/Content/EngineMaterials/DefaultLightFunctionMaterial.uasset" 285
"../../../Engine/Content/Functions/Engine_MaterialFunctions02/Utility/BreakOutFloat2Components.uasset" 286
"../../../Engine/Content/EngineMaterials/DefaultPostProcessMaterial.uasset" 287
"../../../Engine/Content/EngineFonts/RobotoDistanceField.uasset" 288
"../../../Engine/Content/EngineMaterials/DefaultTextMaterialOpaque.uasset" 289
"../../../Engine/Content/EngineMaterials/DefaultWhiteGrid.uasset" 290
"../../../Engine/Content/EngineMaterials/EditorBrushMaterial.uasset" 291
"../../../Engine/Content/EngineMaterials/Good64x64TilingNoiseHighFreq.uasset" 292
"../../../Engine/Content/EngineMaterials/MiniFont.uasset" 293
"../../../Engine/Content/EngineMaterials/InvalidLightmapSettings.uasset" 294
"../../../Engine/Content/EngineMaterials/M_InvalidLightmapSettings.uasset" 295
"../../../Engine/Content/EngineMaterials/PhAT_JointLimitMaterial.uasset" 296
"../../../Engine/Content/EngineMaterials/PreintegratedSkinBRDF.uasset" 297
"../../../Engine/Content/EngineMaterials/RemoveSurfaceMaterial.uasset" 298
"../../../Engine/Content/EngineMaterials/WeightMapPlaceholderTexture.uasset" 299
"../../../Engine/Content/EngineResources/WhiteSquareTexture.uasset" 300
"../../../Engine/Content/EngineMaterials/Widget3DPassThrough.uasset" 301
"../../../Engine/Content/EngineMaterials/Widget3DPassThrough_Masked.uasset" 302
"../../../Engine/Content/EngineMaterials/Widget3DPassThrough_Opaque.uasset" 303
"../../../Engine/Content/EngineMaterials/Widget3DPassThrough_Masked_OneSided.uasset" 304
"../../../Engine/Content/EngineMaterials/Widget3DPassThrough_Opaque_OneSided.uasset" 305
"../../../Engine/Content/EngineMaterials/Widget3DPassThrough_Translucent.uasset" 306
"../../../Engine/Content/EngineMaterials/Widget3DPassThrough_Translucent_OneSided.uasset" 307
"../../../Engine/Content/EngineMeshes/Cube.uasset" 308
"../../../Engine/Content/EngineMeshes/Cylinder.uasset" 309
"../../../Engine/Content/EngineMeshes/Sphere.uasset" 310
"../../../Engine/Content/EngineResources/Black.uasset" 311
"../../../Engine/Content/EngineResources/DefaultTexture.uasset" 312
"../../../Engine/Content/EngineResources/DefaultTextureCube.uasset" 313
"../../../Engine/Content/EngineResources/GradientTexture0.uasset" 314
"../../../Engine/Content/EngineSounds/Master.uasset" 315
"../../../Engine/Content/Functions/Engine_MaterialFunctions01/Shading/ConvertFromDiffSpec.uasset" 316
"../../../Engine/Content/Functions/Engine_MaterialFunctions01/Shading/PowerToRoughness.uasset" 317
"../../../Engine/Content/Maps/Templates/Thumbnails/Default.uasset" 318
"../../../Engine/Content/Maps/Templates/Thumbnails/VR-Basic.uasset" 319
"../../../Engine/Content/MobileResources/T_MobileControls_texture.uasset" 320
"../../../Engine/Content/MobileResources/T_MobileMenu2.uasset" 321
"../../../Engine/Content/MobileResources/HUD/AnalogHat.uasset" 322
"../../../Engine/Content/MobileResources/HUD/VirtualJoystick_Background.uasset" 323
"../../../Engine/Content/MobileResources/HUD/VirtualJoystick_Thumb.uasset" 324
"../../../Engine/Content/MobileResources/HUD/DefaultVirtualJoysticks.uasset" 325
"../../../Engine/Content/MobileResources/HUD/LeftVirtualJoystickOnly.uasset" 326
"../../../Engine/Content/MobileResources/HUD/MobileHUDButton1_off.uasset" 327
"../../../Engine/Content/MobileResources/HUD/MobileHUDButton1_on.uasset" 328
"../../../Engine/Content/MobileResources/HUD/MobileHUDButton2_off.uasset" 329
"../../../Engine/Content/MobileResources/HUD/MobileHUDButton2_on.uasset" 330
"../../../Engine/Content/MobileResources/HUD/MobileHUDButton3.uasset" 331
"../../../Engine/Content/MobileResources/HUD/MobileHUDButtonFire.uasset" 332
"../../../Engine/Content/MobileResources/HUD/MobileHUDDirectionPad.uasset" 333
"../../../Engine/Content/MobileResources/HUD/MobileHUDDirectionPad2.uasset" 334
"../../../Engine/Content/MobileResources/HUD/MobileHUDDirectionPad3.uasset" 335
"../../../Engine/Content/MobileResources/HUD/MobileHUDDirectionStick.uasset" 336
"../../../Engine/Content/MobileResources/HUD/T_Castle_ThumbstickInner.uasset" 337
"../../../Engine/Content/MobileResources/HUD/T_Castle_ThumbstickOutter.uasset" 338
"../../../Engine/Content/Tutorial/ContentIntroCurve.uasset" 339
"../../../Engine/Content/Tutorial/Basics/TutorialAssets/icon_tab_Levels_40x.uasset" 340
"../../../Engine/Content/Tutorial/BlueprintTutorials/TutorialAssets/BlueprintInterface_64x.uasset" 341
"../../../Engine/Content/Tutorial/BlueprintTutorials/TutorialAssets/BlueprintMacroLibrary_64x.uasset" 342
"../../../Engine/Content/Tutorial/BlueprintTutorials/TutorialAssets/Blueprint_64x.uasset" 343
"../../../Engine/Content/Tutorial/BlueprintTutorials/TutorialAssets/Tutorial_BP_Interface.uasset" 344
"../../../Engine/Content/Tutorial/Foliage/TutorialAssets/Foliage.uasset" 345
"../../../Engine/Content/Tutorial/Landscape/TutorialAssets/Landscape.uasset" 346
"../../../Engine/Content/Tutorial/Paper2D/TutorialAssets/Paper2DFlipbook_TutorialIcon.uasset" 347
"../../../Engine/Content/Tutorial/Paper2D/TutorialAssets/Paper2DSprite_TutorialIcon.uasset" 348
"../../../Engine/Content/Tutorial/SubEditors/TutorialAssets/icon_Editor_Preferences_General_40x.uasset" 349
"../../../Engine/Content/Tutorial/SubEditors/TutorialAssets/icon_ShowSkeletalMeshes_40x.uasset" 350
"../../../Engine/Content/Tutorial/SubEditors/TutorialAssets/TutorialMaterial.uasset" 351
"../../../Engine/Content/Tutorial/SubEditors/TutorialAssets/T_SmokeSubUV_8X8.uasset" 352
"../../../Engine/Content/Tutorial/SubEditors/TutorialAssets/T_soft_smoke.uasset" 353
"../../../Engine/Content/Tutorial/SubEditors/TutorialAssets/M_smoke_subUV_blackbody.uasset" 354
"../../../Engine/Content/Tutorial/SubEditors/TutorialAssets/TutorialParticleSystem.uasset" 355
"../../../Engine/Content/EditorMeshes/EditorCube.uasset" 356
"../../../Engine/Content/Tutorial/SubEditors/TutorialAssets/Tutorial_DM.uasset" 357
"../../../Engine/Content/VREditor/Devices/Generic/GenericHMDMaterial.uasset" 358
"../../../Engine/Content/VREditor/Devices/Generic/GenericHMD.uasset" 359
"../../../Engine/Content/VREditor/FloatingText/LineMaterial.uasset" 360
"../../../Engine/Content/VREditor/FloatingText/JointSphere.uasset" 361
"../../../Engine/Content/VREditor/FloatingText/LineSegmentCylinder.uasset" 362
"../../../Engine/Content/VREditor/Fonts/VRText_RobotoLarge.uasset" 363
"../../../Engine/Content/VREditor/Fonts/VRTextMaterial.uasset" 364
"../../../Engine/Content/VREditor/Fonts/TranslucentVRTextMaterial.uasset" 365
"../../../Engine/Content/VREditor/LaserPointer/CursorPointer.uasset" 366
"../../../Engine/Content/VREditor/LaserPointer/VR_LaserPower_01.uasset" 367
"../../../Engine/Content/VREditor/TransformGizmo/TransformGizmoMaterial.uasset" 368
"../../../Engine/Content/VREditor/LaserPointer/HoverMaterial.uasset" 369
"../../../Engine/Content/VREditor/TransformGizmo/TranslucentTransformGizmoMaterial.uasset" 370
"../../../Engine/Content/VREditor/LaserPointer/TranslucentHoverMaterial.uasset" 371
"../../../Engine/Content/VREditor/LaserPointer/HoverMesh.uasset" 372
"../../../Engine/Content/VREditor/LaserPointer/LaserPointerMaterial.uasset" 373
"../../../Engine/Content/VREditor/LaserPointer/LaserPointerMaterialInst.uasset" 374
"../../../Engine/Content/VREditor/LaserPointer/TranslucentLaserPointerMaterialInst.uasset" 375
"../../../Engine/Content/VREditor/LaserPointer/LaserPointerMesh.uasset" 376
"../../../Engine/Content/VREditor/LaserPointer/LaserPointerMesh_End.uasset" 377
"../../../Engine/Content/VREditor/LaserPointer/LaserPointerMesh_Start.uasset" 378
"../../../Engine/Content/Functions/Engine_MaterialFunctions02/Utility/BreakOutFloat3Components.uasset" 379
"../../../Engine/Content/Functions/Engine_MaterialFunctions02/Math/Transform3x3Matrix.uasset" 380
"../../../Engine/Content/Functions/Engine_MaterialFunctions02/SplitComponents.uasset" 381
"../../../Engine/Content/Functions/Engine_MaterialFunctions02/Utility/MakeFloat3.uasset" 382
"../../../Engine/Content/VREditor/SnapGrid/SnapGridMaterial.uasset" 383
"../../../Engine/Content/VREditor/SnapGrid/SnapGridPlaneMesh.uasset" 384
"../../../Engine/Content/VREditor/Sounds/VR_teleport.uasset" 385
"../../../Engine/Content/VREditor/Sounds/UI/Click_on_Button_Cue.uasset" 386
"../../../Engine/Content/VREditor/Sounds/UI/Dockable_Window_Close.uasset" 387
"../../../Engine/Content/VREditor/Sounds/UI/Dockable_Window_Drop.uasset" 388
"../../../Engine/Content/VREditor/Sounds/UI/Dockable_Window_Open.uasset" 389
"../../../Engine/Content/VREditor/Sounds/UI/Dockable_Window_Pick_Up.uasset" 390
"../../../Engine/Content/VREditor/Sounds/UI/Drop_Item_From_ContentBrowser.uasset" 391
"../../../Engine/Content/VREditor/Sounds/UI/Floating_UI_Open-001.uasset" 392
"../../../Engine/Content/VREditor/Sounds/UI/Gizmo_Handle_Clicked.uasset" 393
"../../../Engine/Content/VREditor/Sounds/UI/Object_PickUp.uasset" 394
"../../../Engine/Content/VREditor/Sounds/UI/Object_Snaps_To_Another_Actor.uasset" 395
"../../../Engine/Content/VREditor/Sounds/UI/Object_Snaps_To_Grid.uasset" 396
"../../../Engine/Content/VREditor/Sounds/UI/Radial_Menu_FadeOut.uasset" 397
"../../../Engine/Content/VREditor/Sounds/UI/Scaling_Down.uasset" 398
"../../../Engine/Content/VREditor/Sounds/UI/Scaling_Up.uasset" 399
"../../../Engine/Content/VREditor/Sounds/UI/Selection_Changes.uasset" 400
"../../../Engine/Content/VREditor/Sounds/UI/Teleport_Mode_Entered.uasset" 401
"../../../Engine/Content/VREditor/Teleport/TeleportDirectionMaterial.uasset" 402
"../../../Engine/Content/VREditor/Teleport/TeleportDirectionMaterial_Inst.uasset" 403
"../../../Engine/Content/VREditor/Teleport/TeleportDirectionMesh.uasset" 404
"../../../Engine/Content/VREditor/TransformGizmo/BoundingBoxCorner.uasset" 405
"../../../Engine/Content/VREditor/TransformGizmo/BoundingBoxEdge.uasset" 406
"../../../Engine/Content/VREditor/TransformGizmo/PlaneTranslationHandle.uasset" 407
"../../../Engine/Content/VREditor/TransformGizmo/RotationHandleFull.uasset" 408
"../../../Engine/Content/VREditor/TransformGizmo/RotationHandleIndicator.uasset" 409
"../../../Engine/Content/VREditor/TransformGizmo/RotationHandleQuarter.uasset" 410
"../../../Engine/Content/VREditor/TransformGizmo/Main.uasset" 411
"../../../Engine/Content/VREditor/TransformGizmo/Xray.uasset" 412
"../../../Engine/Content/VREditor/TransformGizmo/SM_Dialog_Close.uasset" 413
"../../../Engine/Content/VREditor/TransformGizmo/SM_Dialog_Move.uasset" 414
"../../../Engine/Content/VREditor/TransformGizmo/SM_Sequencer_Key.uasset" 415
"../../../Engine/Content/VREditor/TransformGizmo/StartRotationHandleIndicator.uasset" 416
"../../../Engine/Content/VREditor/TransformGizmo/TranslucentTransformGizmoMaterial_Inst.uasset" 417
"../../../Engine/Content/VREditor/TransformGizmo/TransformGizmoFreeRotation.uasset" 418
"../../../Engine/Content/VREditor/TransformGizmo/TransformGizmoMaterial_Inst.uasset" 419
"../../../Engine/Content/VREditor/TransformGizmo/TranslateArrowHandle.uasset" 420
"../../../Engine/Content/VREditor/TransformGizmo/UniformScaleHandle.uasset" 421
"../../../Engine/Content/VREditor/UI/KeyDiskMaterial.uasset" 422
"../../../Engine/Content/VREditor/UI/DiscMaterial.uasset" 423
"../../../Engine/Content/VREditor/UI/SM_Radial_Disk.uasset" 424
"../../../Engine/Content/Functions/Engine_MaterialFunctions01/Gradient/RadialGradient.uasset" 425
"../../../Engine/Content/VREditor/WorldMovementGrid/SimpleGrid.uasset" 426
"../../../Engine/Content/VREditor/WorldMovementGrid/GridMaterial.uasset" 427
"../../../Engine/Content/Functions/Engine_MaterialFunctions01/Density/ExponentialDensity.uasset" 428
"../../../Engine/Content/VREditor/WorldMovementGrid/GridPostProcess.uasset" 429
"../../../Engine/Content/EditorLandscapeResources/FlattenHeightMat.uasset" 430
"../../../Engine/Content/VREditor/WorldMovementGrid/PlaneMesh.uasset" 431
"../../../Engine/Plugins/2D/Paper2D/Content/PlaceholderTextures/DummySpriteTexture.uasset" 432
"../../../Engine/Plugins/2D/Paper2D/Content/DummySprite.uasset" 433
"../../../Engine/Plugins/2D/Paper2D/Content/DefaultPaperTerrainMaterial.uasset" 434
"../../../Engine/Plugins/2D/Paper2D/Content/DefaultSpriteMaterial.uasset" 435
"../../../Engine/Plugins/2D/Paper2D/Content/MaskedUnlitSpriteMaterial.uasset" 436
"../../../Engine/Plugins/2D/Paper2D/Content/OpaqueUnlitSpriteMaterial.uasset" 437
"../../../Engine/Plugins/Runtime/Oculus/OculusVR/Content/Textures/GearVRController_AO.uasset" 438
"../../../Engine/Plugins/Runtime/Oculus/OculusVR/Content/Textures/GearVRController_Color.uasset" 439
"../../../Engine/Plugins/Runtime/Oculus/OculusVR/Content/Textures/GearVRController_Normal.uasset" 440
"../../../Engine/Plugins/Runtime/Oculus/OculusVR/Content/Materials/GearVRControllerMaterial.uasset" 441
"../../../Engine/Plugins/Runtime/Oculus/OculusVR/Content/Meshes/GearVrController.uasset" 442
"../../../BuildingEscape/Content/HostileAssets/MetalFences/Textures/Brick_Brown_DIFF.uasset" 443
"../../../BuildingEscape/Content/HostileAssets/MetalFences/Textures/Brick_Brown_Red_DISP.uasset" 444
"../../../BuildingEscape/Content/HostileAssets/MetalFences/Textures/Brick_Brown_Red_NORM.uasset" 445
"../../../BuildingEscape/Content/HostileAssets/MetalFences/Materials/Parent/M_Brick.uasset" 446
"../../../BuildingEscape/Content/HostileAssets/MetalFences/Textures/T_Concrete.uasset" 447
"../../../BuildingEscape/Content/HostileAssets/MetalFences/Textures/T_Concrete_NORM.uasset" 448
"../../../BuildingEscape/Content/HostileAssets/MetalFences/Materials/Parent/M_Concrete.uasset" 449
"../../../BuildingEscape/Content/HostileAssets/MetalFences/Textures/StarterContent_T_Metal_Steel_DIFF.uasset" 450
"../../../BuildingEscape/Content/HostileAssets/MetalFences/Materials/Parent/M_Metal.uasset" 451
"../../../BuildingEscape/Content/HostileAssets/MetalFences/Objects/brick_pole.uasset" 452
"../../../BuildingEscape/Content/HostileAssets/MetalFences/Objects/cross_cyl_mid.uasset" 453
"../../../BuildingEscape/Content/HostileAssets/MetalFences/Objects/cross_sq_mid.uasset" 454
"../../../BuildingEscape/Content/HostileAssets/MetalFences/Objects/diamond_cyl_mid.uasset" 455
"../../../BuildingEscape/Content/HostileAssets/MetalFences/Objects/diamond_cyl_tall.uasset" 456
"../../../BuildingEscape/Content/HostileAssets/MetalFences/Objects/diamond_sq_mid.uasset" 457
"../../../BuildingEscape/Content/HostileAssets/MetalFences/Objects/diamond_sq_tall.uasset" 458
"../../../BuildingEscape/Content/HostileAssets/MetalFences/Objects/horizontal_rail_cyl_A.uasset" 459
"../../../BuildingEscape/Content/HostileAssets/MetalFences/Objects/horizontal_rail_cyl_B.uasset" 460
"../../../BuildingEscape/Content/HostileAssets/MetalFences/Objects/horizontal_rail_cyl_C.uasset" 461
"../../../BuildingEscape/Content/HostileAssets/MetalFences/Objects/horizontal_rail_cyl_D.uasset" 462
"../../../BuildingEscape/Content/HostileAssets/MetalFences/Objects/horizontal_rail_cyl_E.uasset" 463
"../../../BuildingEscape/Content/HostileAssets/MetalFences/Objects/horizontal_rail_cyl_F.uasset" 464
"../../../BuildingEscape/Content/HostileAssets/MetalFences/Objects/horizontal_rail_sq_A.uasset" 465
"../../../BuildingEscape/Content/HostileAssets/MetalFences/Objects/horizontal_rail_sq_B.uasset" 466
"../../../BuildingEscape/Content/HostileAssets/MetalFences/Objects/horizontal_rail_sq_C.uasset" 467
"../../../BuildingEscape/Content/HostileAssets/MetalFences/Objects/horizontal_rail_sq_D.uasset" 468
"../../../BuildingEscape/Content/HostileAssets/MetalFences/Objects/horizontal_rail_sq_E.uasset" 469
"../../../BuildingEscape/Content/HostileAssets/MetalFences/Objects/horizontal_rail_sq_F.uasset" 470
"../../../BuildingEscape/Content/HostileAssets/MetalFences/Objects/ring_cyl_mid.uasset" 471
"../../../BuildingEscape/Content/HostileAssets/MetalFences/Objects/ring_cyl_tall.uasset" 472
"../../../BuildingEscape/Content/HostileAssets/MetalFences/Objects/ring_sq_mid.uasset" 473
"../../../BuildingEscape/Content/HostileAssets/MetalFences/Objects/ring_sq_tall.uasset" 474
"../../../BuildingEscape/Content/HostileAssets/MetalFences/Objects/spear_point_cyl_mid.uasset" 475
"../../../BuildingEscape/Content/HostileAssets/MetalFences/Objects/spear_point_cyl_tall.uasset" 476
"../../../BuildingEscape/Content/HostileAssets/MetalFences/Objects/spear_point_sq_mid.uasset" 477
"../../../BuildingEscape/Content/HostileAssets/MetalFences/Objects/spear_point_sq_tall.uasset" 478
"../../../BuildingEscape/Content/HostileAssets/MetalFences/Objects/sphere_cyl_mid.uasset" 479
"../../../BuildingEscape/Content/HostileAssets/MetalFences/Objects/sphere_cyl_tall.uasset" 480
"../../../BuildingEscape/Content/HostileAssets/MetalFences/Objects/sphere_sq_mid.uasset" 481
"../../../BuildingEscape/Content/HostileAssets/MetalFences/Objects/sphere_sq_tall.uasset" 482
"../../../BuildingEscape/Content/HostileAssets/MetalFences/Objects/vertical_pole_sq.uasset" 483
"../../../BuildingEscape/Content/HostileAssets/MetalFences/Objects/vertical_pole_sq_mid.uasset" 484
"../../../BuildingEscape/Content/HostileAssets/MetalFences/Objects/vertical_rail_cyl_mid.uasset" 485
"../../../BuildingEscape/Content/HostileAssets/MetalFences/Objects/vertical_rail_cyl_tall.uasset" 486
"../../../BuildingEscape/Content/HostileAssets/MetalFences/Objects/vertical_rail_sq_mid.uasset" 487
"../../../BuildingEscape/Content/HostileAssets/MetalFences/Objects/vertical_rail_sq_tall.uasset" 488
"../../../BuildingEscape/Content/HostileAssets/MetalFences/Textures/Brick_Red_2_DIFF.uasset" 489
"../../../BuildingEscape/Content/HostileAssets/MetalFences/Textures/Brick_Red_2_DISP.uasset" 490
"../../../BuildingEscape/Content/HostileAssets/MetalFences/Textures/Brick_Red_2_NORM.uasset" 491
"../../../BuildingEscape/Content/HostileAssets/MetalFences/Textures/Brick_Red_DIFF.uasset" 492
"../../../BuildingEscape/Content/HostileAssets/MetalFences/MetalFence_Spline.uasset" 493
"../../../Engine/Content/EngineSky/C_Sky_Cloud_Color.uasset" 494
"../../../Engine/Content/EngineSky/C_Sky_Horizon_Color.uasset" 495
"../../../Engine/Content/EngineSky/C_Sky_Zenith_Color.uasset" 496
"../../../Engine/Content/EngineSky/T_Sky_Blue.uasset" 497
"../../../Engine/Content/EngineSky/T_Sky_Clouds_M.uasset" 498
"../../../Engine/Content/EngineSky/T_Sky_Stars.uasset" 499
"../../../Engine/Content/EngineSky/M_Sky_Panning_Clouds2.uasset" 500
"../../../Engine/Content/EngineSky/SM_SkySphere.uasset" 501
"../../../Engine/Content/EngineSky/BP_Sky_Sphere.uasset" 502
"../../../BuildingEscape/Content/Textures/Lights/T_Lamp_M.uasset" 503
"../../../BuildingEscape/Content/Textures/Lights/T_Lamp_N.uasset" 504
"../../../BuildingEscape/Content/Materials/Lights/M_Lamp.uasset" 505
"../../../BuildingEscape/Content/Props/Lights/SM_Lamp_Ceiling.uasset" 506
"../../../BuildingEscape/Content/Blueprints/Props/Blueprint_CeilingLight.uasset" 507
"../../../BuildingEscape/Content/Props/Lights/SM_Lamp_Wall.uasset" 508
"../../../BuildingEscape/Content/Blueprints/Props/Blueprint_WallSconce.uasset" 509
"../../../BuildingEscape/Content/Materials/Furniture/Instance/Commode_inst.uasset" 510
"../../../BuildingEscape/Content/Materials/Furniture/Instance/Handle_inst.uasset" 511
"../../../BuildingEscape/Content/Props/Furniture/Handle_02.uasset" 512
"../../../BuildingEscape/Content/Props/Furniture/Commode.uasset" 513
"../../../BuildingEscape/Content/Props/Furniture/Handle_03.uasset" 514
"../../../BuildingEscape/Content/Blueprints/Props/CommodePassage_BP.uasset" 515
"../../../BuildingEscape/Content/Audio/door-lock.uasset" 516
"../../../BuildingEscape/Content/Materials/Architecture/M_Glass.uasset" 517
"../../../BuildingEscape/Content/Textures/Architecture/T_Door_M.uasset" 518
"../../../BuildingEscape/Content/Textures/Architecture/T_Door_N.uasset" 519
"../../../BuildingEscape/Content/Materials/Furniture/M_Door.uasset" 520
"../../../BuildingEscape/Content/Props/Architecture/SM_Door.uasset" 521
"../../../BuildingEscape/Content/Blueprints/Props/DoorEvent_BP.uasset" 522
"../../../BuildingEscape/Content/Blueprints/Props/HandleTrigger_BP.uasset" 523
"../../../BuildingEscape/Content/Materials/Furniture/Instance/Stool_inst.uasset" 524
"../../../BuildingEscape/Content/Props/Furniture/Stool.uasset" 525
"../../../BuildingEscape/Content/Blueprints/Props/StoolAndChairs_BP.uasset" 526
"../../../BuildingEscape/Content/Maps/LayerInfo/Gravel_LayerInfo.uasset" 527
"../../../BuildingEscape/Content/Maps/MainMap_BuiltData.uasset" 528
"../../../BuildingEscape/Content/Textures/Architecture/T_Brick_Clay_New_D.uasset" 529
"../../../BuildingEscape/Content/Textures/Architecture/T_Brick_Clay_New_M.uasset" 530
"../../../BuildingEscape/Content/Textures/Architecture/T_Brick_Clay_New_N.uasset" 531
"../../../BuildingEscape/Content/Textures/T_Detail_Rocky_N.uasset" 532
"../../../BuildingEscape/Content/Textures/T_MacroVariation.uasset" 533
"../../../BuildingEscape/Content/Materials/Architecture/M_Brick_Clay_New.uasset" 534
"../../../BuildingEscape/Content/Textures/Architecture/T_Concrete_Panels_D.uasset" 535
"../../../BuildingEscape/Content/Textures/Architecture/T_Concrete_Panels_N.uasset" 536
"../../../BuildingEscape/Content/Textures/T_Perlin_Noise_M.uasset" 537
"../../../BuildingEscape/Content/Materials/Architecture/M_Concrete_Panels.uasset" 538
"../../../BuildingEscape/Content/Textures/Architecture/T_Concrete_Tiles_D.uasset" 539
"../../../BuildingEscape/Content/Textures/Architecture/T_Concrete_Tiles_M.uasset" 540
"../../../BuildingEscape/Content/Textures/Architecture/T_Concrete_Tiles_N.uasset" 541
"../../../BuildingEscape/Content/Textures/Architecture/T_Concrete_Tiles_Variation_M.uasset" 542
"../../../BuildingEscape/Content/Materials/Architecture/M_Concrete_Tiles.uasset" 543
"../../../BuildingEscape/Content/Textures/Architecture/T_Metal_Gold_N.uasset" 544
"../../../BuildingEscape/Content/Textures/Architecture/T_Rock_Marble_Polished_D.uasset" 545
"../../../BuildingEscape/Content/Materials/Architecture/M_Rock_Marble_Polished.uasset" 546
"../../../BuildingEscape/Content/Textures/Architecture/T_Tech_Hex_Tile_M.uasset" 547
"../../../BuildingEscape/Content/Textures/Architecture/T_Tech_Hex_Tile_N.uasset" 548
"../../../BuildingEscape/Content/Materials/Architecture/M_Tech_Hex_Tile_Pulse.uasset" 549
"../../../BuildingEscape/Content/Textures/Architecture/T_Wood_Floor_Walnut_D.uasset" 550
"../../../BuildingEscape/Content/Textures/Architecture/T_Wood_Floor_Walnut_M.uasset" 551
"../../../BuildingEscape/Content/Textures/Architecture/T_Wood_Floor_Walnut_N.uasset" 552
"../../../BuildingEscape/Content/Materials/Architecture/M_Wood_Floor_Walnut_Polished.uasset" 553
"../../../BuildingEscape/Content/Textures/Landscape/T_Ground_Gravel_D.uasset" 554
"../../../BuildingEscape/Content/Textures/Landscape/T_Ground_Gravel_N.uasset" 555
"../../../BuildingEscape/Content/Materials/Landscape/Landscape.uasset" 556
"../../../Engine/Content/EngineMaterials/DefaultPhysicalMaterial.uasset" 557
"../../../Engine/Content/MapTemplates/SM_Template_Map_Floor.uasset" 558
"../../../BuildingEscape/Content/Textures/Architecture/T_Frame_M.uasset" 559
"../../../BuildingEscape/Content/Textures/Architecture/T_Frame_N.uasset" 560
"../../../BuildingEscape/Content/Materials/Architecture/M_Frame.uasset" 561
"../../../BuildingEscape/Content/Props/Architecture/SM_DoorFrame.uasset" 562
"../../../BuildingEscape/Content/Materials/Architecture/M_Basic_Wall.uasset" 563
"../../../BuildingEscape/Content/Props/Architecture/Wall_400x400.uasset" 564
"../../../BuildingEscape/Content/Props/Architecture/Wall_500x500.uasset" 565
"../../../BuildingEscape/Content/Props/Architecture/Wall_Door_400x400.uasset" 566
"../../../BuildingEscape/Content/Materials/Furniture/Instance/Bed_inst.uasset" 567
"../../../BuildingEscape/Content/Props/Furniture/Bed.uasset" 568
"../../../Engine/Content/Functions/Engine_MaterialFunctions01/Texturing/DetailTexturing.uasset" 569
"../../../BuildingEscape/Content/Textures/Furniture/Folds_N.uasset" 570
"../../../BuildingEscape/Content/Materials/Furniture/Blanket_Mat.uasset" 571
"../../../BuildingEscape/Content/Textures/Furniture/Blanket_M.uasset" 572
"../../../BuildingEscape/Content/Textures/Furniture/Blanket_N.uasset" 573
"../../../BuildingEscape/Content/Materials/Furniture/Instance/Blanket_Inst.uasset" 574
"../../../BuildingEscape/Content/Props/Furniture/Blanket.uasset" 575
"../../../BuildingEscape/Content/Textures/Furniture/Miror_02_Static.uasset" 576
"../../../BuildingEscape/Content/Materials/Furniture/Miror_Mat_02.uasset" 577
"../../../BuildingEscape/Content/Materials/Furniture/Instance/Miror_inst.uasset" 578
"../../../BuildingEscape/Content/Props/Furniture/Miror.uasset" 579
"../../../BuildingEscape/Content/Materials/Furniture/Instance/Nightstand_inst.uasset" 580
"../../../BuildingEscape/Content/Props/Furniture/Nightstand.uasset" 581
"../../../BuildingEscape/Content/Textures/Furniture/T_Chair_M.uasset" 582
"../../../BuildingEscape/Content/Textures/Furniture/T_Chair_N.uasset" 583
"../../../BuildingEscape/Content/Materials/Furniture/M_Chair.uasset" 584
"../../../BuildingEscape/Content/Props/Furniture/SM_Chair.uasset" 585
"../../../BuildingEscape/Content/Props/Furniture/SM_Couch.uasset" 586
"../../../BuildingEscape/Content/Textures/Furniture/T_TableRound_M.uasset" 587
"../../../BuildingEscape/Content/Textures/Furniture/T_TableRound_N.uasset" 588
"../../../BuildingEscape/Content/Materials/Furniture/M_TableRound.uasset" 589
"../../../BuildingEscape/Content/Props/Furniture/SM_TableRound.uasset" 590
"../../../BuildingEscape/Content/Materials/Furniture/Instance/TVStand_inst.uasset" 591
"../../../BuildingEscape/Content/Props/Furniture/TV_Stand.uasset" 592
"../../../BuildingEscape/Content/Maps/MainMap.umap" 593
"../../../Engine/Content/Maps/Entry.umap" 594
